Using pre-set license
Built from '2021.1/release' branch; Version is '2021.1.16f1 (5fa502fca597) revision 6268162'; Using compiler version '192528614'; Build Type 'Release'
OS: 'Windows 10 Pro; OS build 19043.1110; Version 2009; 64bit' Language: 'en' Physical Memory: 8149 MB
BatchMode: 1, IsHumanControllingUs: 0, StartBugReporterOnCrash: 0, Is64bit: 1, IsPro: 0

 COMMAND LINE ARGUMENTS:
E:\2021.1.16f1\Editor\Unity.exe
-adb2
-batchMode
-noUpm
-name
AssetImportWorker1
-projectPath
E:/Project Dream
-logFile
Logs/AssetImportWorker1.log
-srvPort
24272
Successfully changed project path to: E:/Project Dream
E:/Project Dream
Using Asset Import Pipeline V2.
Refreshing native plugins compatible for Editor in 136.67 ms, found 3 plugins.
Preloading 0 native plugins for Editor in 0.00 ms.
Initialize engine version: 2021.1.16f1 (5fa502fca597)
[Subsystems] Discovering subsystems at path E:/2021.1.16f1/Editor/Data/Resources/UnitySubsystems
[Subsystems] Discovering subsystems at path E:/Project Dream/Assets
GfxDevice: creating device client; threaded=0; jobified=0
Direct3D:
    Version:  Direct3D 11.0 [level 11.1]
    Renderer: NVIDIA GeForce GTX 1060 6GB (ID=0x1c03)
    Vendor:   NVIDIA
    VRAM:     6052 MB
    Driver:   30.0.14.7168
Initialize mono
Mono path[0] = 'E:/2021.1.16f1/Editor/Data/Managed'
Mono path[1] = 'E:/2021.1.16f1/Editor/Data/MonoBleedingEdge/lib/mono/unityjit'
Mono config path = 'E:/2021.1.16f1/Editor/Data/MonoBleedingEdge/etc'
Using monoOptions --debugger-agent=transport=dt_socket,embedding=1,server=y,suspend=n,address=127.0.0.1:56308
Begin MonoManager ReloadAssembly
Registering precompiled unity dll's ...
Register platform support module: E:/2021.1.16f1/Editor/Data/PlaybackEngines/WebGLSupport/UnityEditor.WebGL.Extensions.dll
Register platform support module: E:/2021.1.16f1/Editor/Data/PlaybackEngines/MacStandaloneSupport/UnityEditor.OSXStandalone.Extensions.dll
Register platform support module: E:/2021.1.16f1/Editor/Data/PlaybackEngines/WindowsStandaloneSupport/UnityEditor.WindowsStandalone.Extensions.dll
Registered in 0.003041 seconds.
Native extension for WindowsStandalone target not found
Native extension for OSXStandalone target not found
Native extension for WebGL target not found
Refreshing native plugins compatible for Editor in 138.71 ms, found 3 plugins.
Preloading 0 native plugins for Editor in 0.00 ms.
Mono: successfully reloaded assembly
- Completed reload, in  4.229 seconds
Domain Reload Profiling:
	ReloadAssembly (4229ms)
		BeginReloadAssembly (143ms)
			ExecutionOrderSort (0ms)
			DisableScriptedObjects (0ms)
			BackupInstance (0ms)
			ReleaseScriptingObjects (0ms)
			CreateAndSetChildDomain (2ms)
		EndReloadAssembly (943ms)
			LoadAssemblies (142ms)
			RebuildTransferFunctionScriptingTraits (0ms)
			SetupTypeCache (357ms)
			ReleaseScriptCaches (0ms)
			RebuildScriptCaches (53ms)
			SetupLoadedEditorAssemblies (436ms)
				LogAssemblyErrors (0ms)
				InitializePlatformSupportModulesInManaged (16ms)
				SetLoadedEditorAssemblies (1ms)
				RefreshPlugins (139ms)
				BeforeProcessingInitializeOnLoad (3ms)
				ProcessInitializeOnLoadAttributes (214ms)
				ProcessInitializeOnLoadMethodAttributes (63ms)
				AfterProcessingInitializeOnLoad (0ms)
				EditorAssembliesLoaded (0ms)
			ExecutionOrderSort2 (0ms)
			AwakeInstancesAfterBackupRestoration (0ms)
Platform modules already initialized, skipping
Registering precompiled user dll's ...
Registered in 0.007243 seconds.
Begin MonoManager ReloadAssembly
Native extension for WindowsStandalone target not found
Native extension for OSXStandalone target not found
Native extension for WebGL target not found
Refreshing native plugins compatible for Editor in 130.69 ms, found 3 plugins.
Preloading 0 native plugins for Editor in 0.00 ms.
Mono: successfully reloaded assembly
- Completed reload, in  2.797 seconds
Domain Reload Profiling:
	ReloadAssembly (2798ms)
		BeginReloadAssembly (330ms)
			ExecutionOrderSort (0ms)
			DisableScriptedObjects (11ms)
			BackupInstance (0ms)
			ReleaseScriptingObjects (0ms)
			CreateAndSetChildDomain (38ms)
		EndReloadAssembly (2333ms)
			LoadAssemblies (229ms)
			RebuildTransferFunctionScriptingTraits (0ms)
			SetupTypeCache (729ms)
			ReleaseScriptCaches (1ms)
			RebuildScriptCaches (110ms)
			SetupLoadedEditorAssemblies (1102ms)
				LogAssemblyErrors (0ms)
				InitializePlatformSupportModulesInManaged (11ms)
				SetLoadedEditorAssemblies (0ms)
				RefreshPlugins (131ms)
				BeforeProcessingInitializeOnLoad (137ms)
				ProcessInitializeOnLoadAttributes (801ms)
				ProcessInitializeOnLoadMethodAttributes (16ms)
				AfterProcessingInitializeOnLoad (5ms)
				EditorAssembliesLoaded (0ms)
			ExecutionOrderSort2 (0ms)
			AwakeInstancesAfterBackupRestoration (15ms)
Platform modules already initialized, skipping
========================================================================
Worker process is ready to serve import requests
Launched and connected shader compiler UnityShaderCompiler.exe after 0.25 seconds
Refreshing native plugins compatible for Editor in 1.12 ms, found 3 plugins.
Preloading 0 native plugins for Editor in 0.00 ms.
Unloading 3658 Unused Serialized files (Serialized files now loaded: 0)
System memory in use before: 258.1 MB.
System memory in use after: 258.3 MB.

Unloading 23 unused Assets to reduce memory usage. Loaded Objects now: 4138.
Total: 6.964712 ms (FindLiveObjects: 0.468845 ms CreateObjectMapping: 0.199956 ms MarkObjects: 6.247512 ms  DeleteObjects: 0.042044 ms)

AssetImportParameters requested are different than current active one (requested -> active):
  custom:framework-win-MediaFoundation: 216162199b28c13a410421893ffa2e32 -> 
  custom:video-decoder-ogg-theora: a1e56fd34408186e4bbccfd4996cb3dc -> 
  custom:container-muxer-webm: aa71ff27fc2769a1b78a27578f13a17b -> 
  custom:container-demuxer-webm: 4f35f7cbe854078d1ac9338744f61a02 -> 
  custom:container-demuxer-ogg: 62fdf1f143b41e24485cea50d1cbac27 -> 
  custom:video-encoder-webm-vp8: eb34c28f22e8b96e1ab97ce403110664 -> 
  custom:video-decoder-webm-vp8: 9c59270c3fd7afecdb556c50c9e8de78 -> 
  custom:audio-decoder-ogg-vorbis: bf7c407c2cedff20999df2af8eb42d56 -> 
  custom:audio-encoder-webm-vorbis: bf7c407c2cedff20999df2af8eb42d56 -> 
========================================================================
Received Import Request.
  path: Assets/Resources/EditorPrefabs
  artifactKey: Guid(4d60f4ab44920c840976e0ea969d0a17) Importer(815301076,1909f56bfc062723c751e8b465ee728b)
Start importing Assets/Resources/EditorPrefabs using Guid(4d60f4ab44920c840976e0ea969d0a17) Importer(815301076,1909f56bfc062723c751e8b465ee728b)  -> (artifact id: '2aa9ab0ada8bd10891eb31a8c6340729') in 0.016999 seconds 
========================================================================
Received Import Request.
  Time since last request: 1.047891 seconds.
  path: Assets/Resources/Level_Prefabs
  artifactKey: Guid(4d60f4ab44920c840976e0ea969d0a17) Importer(815301076,1909f56bfc062723c751e8b465ee728b)
Start importing Assets/Resources/Level_Prefabs using Guid(4d60f4ab44920c840976e0ea969d0a17) Importer(815301076,1909f56bfc062723c751e8b465ee728b)  -> (artifact id: 'bf50583dd1105f8625fde94c091dc465') in 0.013044 seconds 
========================================================================
Received Import Request.
  Time since last request: 4.756804 seconds.
  path: Assets/Resources/Level_Prefabs/Spawnpoint.prefab
  artifactKey: Guid(74396e0c31800874c96942b2e4d91dc2) Importer(815301076,1909f56bfc062723c751e8b465ee728b)
Start importing Assets/Resources/Level_Prefabs/Spawnpoint.prefab using Guid(74396e0c31800874c96942b2e4d91dc2) Importer(815301076,1909f56bfc062723c751e8b465ee728b)  -> (artifact id: '350cdea0794c84d6dd545527701916d7') in 0.095548 seconds 
========================================================================
Received Import Request.
  Time since last request: 34.238489 seconds.
  path: Assets/Resources/Level_Prefabs/Box.prefab
  artifactKey: Guid(2cad66d01e2e3a742b67114bed69be87) Importer(815301076,1909f56bfc062723c751e8b465ee728b)
Start importing Assets/Resources/Level_Prefabs/Box.prefab using Guid(2cad66d01e2e3a742b67114bed69be87) Importer(815301076,1909f56bfc062723c751e8b465ee728b)  -> (artifact id: 'c74cc7a5d8a5896198f5e7adaada7916') in 0.502124 seconds 
========================================================================
Received Import Request.
  Time since last request: 4.835709 seconds.
  path: Assets/Resources/Level_Prefabs/Box.prefab
  artifactKey: Guid(2cad66d01e2e3a742b67114bed69be87) Importer(815301076,1909f56bfc062723c751e8b465ee728b)
Start importing Assets/Resources/Level_Prefabs/Box.prefab using Guid(2cad66d01e2e3a742b67114bed69be87) Importer(815301076,1909f56bfc062723c751e8b465ee728b)  -> (artifact id: '248bd6f2a1aa1e138ee273c521754b94') in 0.023595 seconds 
========================================================================
Received Import Request.
  Time since last request: 63.667034 seconds.
  path: Assets/Resources/Level_Prefabs/DeathThing.prefab
  artifactKey: Guid(2db0cfae72e8f3049b41e455cedbb1c6) Importer(815301076,1909f56bfc062723c751e8b465ee728b)
Start importing Assets/Resources/Level_Prefabs/DeathThing.prefab using Guid(2db0cfae72e8f3049b41e455cedbb1c6) Importer(815301076,1909f56bfc062723c751e8b465ee728b)  -> (artifact id: '0c843627362de8c950f4b3e633e48718') in 0.069540 seconds 
========================================================================
Received Import Request.
  Time since last request: 8.528507 seconds.
  path: Assets/Resources/Level_Prefabs/DeathThing.prefab
  artifactKey: Guid(2db0cfae72e8f3049b41e455cedbb1c6) Importer(815301076,1909f56bfc062723c751e8b465ee728b)
Start importing Assets/Resources/Level_Prefabs/DeathThing.prefab using Guid(2db0cfae72e8f3049b41e455cedbb1c6) Importer(815301076,1909f56bfc062723c751e8b465ee728b)  -> (artifact id: 'c18f0127a1df87bd523394a633059069') in 0.018300 seconds 
========================================================================
Received Import Request.
  Time since last request: 16.598642 seconds.
  path: Assets/Resources/Level_Prefabs/Circle.prefab
  artifactKey: Guid(1f0dd8fc63c0ac54aba8a02288153454) Importer(815301076,1909f56bfc062723c751e8b465ee728b)
Start importing Assets/Resources/Level_Prefabs/Circle.prefab using Guid(1f0dd8fc63c0ac54aba8a02288153454) Importer(815301076,1909f56bfc062723c751e8b465ee728b)  -> (artifact id: '515eb2442b81ed8583369d823816afe2') in 0.066986 seconds 
========================================================================
Received Import Request.
  Time since last request: 6.438774 seconds.
  path: Assets/Resources/Level_Prefabs/Circle.prefab
  artifactKey: Guid(1f0dd8fc63c0ac54aba8a02288153454) Importer(815301076,1909f56bfc062723c751e8b465ee728b)
Start importing Assets/Resources/Level_Prefabs/Circle.prefab using Guid(1f0dd8fc63c0ac54aba8a02288153454) Importer(815301076,1909f56bfc062723c751e8b465ee728b)  -> (artifact id: '4fac975f5be28b77b862580da0f30d6d') in 0.019230 seconds 
========================================================================
Received Import Request.
  Time since last request: 11.485903 seconds.
  path: Assets/Resources/Level_Prefabs/Enemy.prefab
  artifactKey: Guid(1f0dd8fc63c0ac54aba8a02288153454) Importer(815301076,1909f56bfc062723c751e8b465ee728b)
Start importing Assets/Resources/Level_Prefabs/Enemy.prefab using Guid(1f0dd8fc63c0ac54aba8a02288153454) Importer(815301076,1909f56bfc062723c751e8b465ee728b)  -> (artifact id: '548f45296f68a0de60551c65e18f7a52') in 0.020519 seconds 
========================================================================
Received Import Request.
  Time since last request: 11.700678 seconds.
  path: Assets/Resources/Level_Prefabs/Building_Block.prefab
  artifactKey: Guid(2cad66d01e2e3a742b67114bed69be87) Importer(815301076,1909f56bfc062723c751e8b465ee728b)
Start importing Assets/Resources/Level_Prefabs/Building_Block.prefab using Guid(2cad66d01e2e3a742b67114bed69be87) Importer(815301076,1909f56bfc062723c751e8b465ee728b)  -> (artifact id: 'bcfad3e96c33d7ed81e1007b5c4fc518') in 0.021974 seconds 
========================================================================
Received Import Request.
  Time since last request: 5.681283 seconds.
  path: Assets/Resources/Level_Prefabs/Death_Thing.prefab
  artifactKey: Guid(2db0cfae72e8f3049b41e455cedbb1c6) Importer(815301076,1909f56bfc062723c751e8b465ee728b)
Start importing Assets/Resources/Level_Prefabs/Death_Thing.prefab using Guid(2db0cfae72e8f3049b41e455cedbb1c6) Importer(815301076,1909f56bfc062723c751e8b465ee728b)  -> (artifact id: '2f071121b4ff8c06d2071eda897fdb8b') in 0.021201 seconds 
========================================================================
Received Import Request.
  Time since last request: 75.789499 seconds.
  path: Assets/Resources/Level_Prefabs/Spawnpoint.prefab
  artifactKey: Guid(74396e0c31800874c96942b2e4d91dc2) Importer(815301076,1909f56bfc062723c751e8b465ee728b)
Start importing Assets/Resources/Level_Prefabs/Spawnpoint.prefab using Guid(74396e0c31800874c96942b2e4d91dc2) Importer(815301076,1909f56bfc062723c751e8b465ee728b)  -> (artifact id: 'e3c547e53ba6bb772a5c69f0dec6f5ae') in 0.006753 seconds 
========================================================================
Received Import Request.
  Time since last request: 16.415083 seconds.
  path: Assets/Resources/Level_Prefabs/Spawnpoint.prefab
  artifactKey: Guid(74396e0c31800874c96942b2e4d91dc2) Importer(815301076,1909f56bfc062723c751e8b465ee728b)
Start importing Assets/Resources/Level_Prefabs/Spawnpoint.prefab using Guid(74396e0c31800874c96942b2e4d91dc2) Importer(815301076,1909f56bfc062723c751e8b465ee728b)  -> (artifact id: 'af136e170b00b8de4fecd77d7cb37fd0') in 0.006348 seconds 
========================================================================
Received Import Request.
  Time since last request: 463.918344 seconds.
  path: Assets/Resources/Textures/Spawnpoint_Image.png
  artifactKey: Guid(300f43699e3495d418c117394f31ba69) Importer(815301076,1909f56bfc062723c751e8b465ee728b)
Start importing Assets/Resources/Textures/Spawnpoint_Image.png using Guid(300f43699e3495d418c117394f31ba69) Importer(815301076,1909f56bfc062723c751e8b465ee728b)  -> (artifact id: 'd7cda41054e6ab4c3124b29e02e6ac8c') in 0.103184 seconds 
========================================================================
Received Import Request.
  Time since last request: 5.504746 seconds.
  path: Assets/Resources/Textures/Spawnpoint_Image.png
  artifactKey: Guid(300f43699e3495d418c117394f31ba69) Importer(815301076,1909f56bfc062723c751e8b465ee728b)
Start importing Assets/Resources/Textures/Spawnpoint_Image.png using Guid(300f43699e3495d418c117394f31ba69) Importer(815301076,1909f56bfc062723c751e8b465ee728b)  -> (artifact id: '092d85e6597f98c5a189b85f4c0567ae') in 0.036850 seconds 
========================================================================
Received Import Request.
  Time since last request: 22.564535 seconds.
  path: Assets/Resources/Level_Prefabs/Spawnpoint.prefab
  artifactKey: Guid(74396e0c31800874c96942b2e4d91dc2) Importer(815301076,1909f56bfc062723c751e8b465ee728b)
Start importing Assets/Resources/Level_Prefabs/Spawnpoint.prefab using Guid(74396e0c31800874c96942b2e4d91dc2) Importer(815301076,1909f56bfc062723c751e8b465ee728b)  -> (artifact id: '0bd862bb62f1241b9705a553a509966f') in 0.020923 seconds 
========================================================================
Received Import Request.
  Time since last request: 7.783783 seconds.
  path: Assets/Resources/TextMesh Pro/Examples & Extras/Resources/Fonts & Materials/Roboto-Bold SDF.asset
  artifactKey: Guid(5302535af1044152a457ed104f1f4b91) Importer(815301076,1909f56bfc062723c751e8b465ee728b)
Start importing Assets/Resources/TextMesh Pro/Examples & Extras/Resources/Fonts & Materials/Roboto-Bold SDF.asset using Guid(5302535af1044152a457ed104f1f4b91) Importer(815301076,1909f56bfc062723c751e8b465ee728b)  -> (artifact id: '4f90c58d87968d1998905739708cb03c') in 0.098056 seconds 
========================================================================
Received Import Request.
  Time since last request: 0.000253 seconds.
  path: Assets/Resources/TextMesh Pro/Examples & Extras/Materials/Small Crate_diffuse.mat
  artifactKey: Guid(22262639920f43d6be32430e4e58350d) Importer(815301076,1909f56bfc062723c751e8b465ee728b)
Start importing Assets/Resources/TextMesh Pro/Examples & Extras/Materials/Small Crate_diffuse.mat using Guid(22262639920f43d6be32430e4e58350d) Importer(815301076,1909f56bfc062723c751e8b465ee728b)  -> (artifact id: '468dcfb16799af64e5f3470176967d38') in 0.023899 seconds 
========================================================================
Received Import Request.
  Time since last request: 0.732240 seconds.
  path: Assets/Resources/Level_Prefabs/Spawnpoint.prefab
  artifactKey: Guid(74396e0c31800874c96942b2e4d91dc2) Importer(815301076,1909f56bfc062723c751e8b465ee728b)
Start importing Assets/Resources/Level_Prefabs/Spawnpoint.prefab using Guid(74396e0c31800874c96942b2e4d91dc2) Importer(815301076,1909f56bfc062723c751e8b465ee728b)  -> (artifact id: '2d8d47cba8052c5f6b7bc8aa1a67b0e6') in 0.039060 seconds 
========================================================================
Received Import Request.
  Time since last request: 1.231840 seconds.
  path: Assets/Resources/TextMesh Pro/Examples & Extras/Resources/Fonts & Materials/Roboto-Bold SDF - Drop Shadow.mat
  artifactKey: Guid(b246c4190f4e46ec9352fe15a7b09ce0) Importer(815301076,1909f56bfc062723c751e8b465ee728b)
Start importing Assets/Resources/TextMesh Pro/Examples & Extras/Resources/Fonts & Materials/Roboto-Bold SDF - Drop Shadow.mat using Guid(b246c4190f4e46ec9352fe15a7b09ce0) Importer(815301076,1909f56bfc062723c751e8b465ee728b)  -> (artifact id: '32db3620cd6b800b1dffa32478891d05') in 0.116102 seconds 
========================================================================
Received Import Request.
  Time since last request: 0.000253 seconds.
  path: Assets/Resources/TextMesh Pro/Resources/Fonts & Materials/LiberationSans SDF - Fallback.asset
  artifactKey: Guid(2e498d1c8094910479dc3e1b768306a4) Importer(815301076,1909f56bfc062723c751e8b465ee728b)
Start importing Assets/Resources/TextMesh Pro/Resources/Fonts & Materials/LiberationSans SDF - Fallback.asset using Guid(2e498d1c8094910479dc3e1b768306a4) Importer(815301076,1909f56bfc062723c751e8b465ee728b)  -> (artifact id: 'f9ed0695c8801e85278bef0e72a9e334') in 0.028600 seconds 
========================================================================
Received Import Request.
  Time since last request: 0.000300 seconds.
  path: Assets/Resources/TextMesh Pro/Examples & Extras/Resources/Fonts & Materials/Oswald Bold SDF.asset
  artifactKey: Guid(0161d805a3764c089bef00bfe00793f5) Importer(815301076,1909f56bfc062723c751e8b465ee728b)
Start importing Assets/Resources/TextMesh Pro/Examples & Extras/Resources/Fonts & Materials/Oswald Bold SDF.asset using Guid(0161d805a3764c089bef00bfe00793f5) Importer(815301076,1909f56bfc062723c751e8b465ee728b)  -> (artifact id: 'f7a7ad4063eb5eb7d985d012c0278f40') in 0.025954 seconds 
========================================================================
Received Import Request.
  Time since last request: 0.000259 seconds.
  path: Assets/Resources/TextMesh Pro/Examples & Extras/Resources/Fonts & Materials/Roboto-Bold SDF - Surface.mat
  artifactKey: Guid(e6b276ec991f467aa14ef1f3cc665993) Importer(815301076,1909f56bfc062723c751e8b465ee728b)
Start importing Assets/Resources/TextMesh Pro/Examples & Extras/Resources/Fonts & Materials/Roboto-Bold SDF - Surface.mat using Guid(e6b276ec991f467aa14ef1f3cc665993) Importer(815301076,1909f56bfc062723c751e8b465ee728b)  -> (artifact id: '2d84c37517ec9726ac3b9a792cf0baa6') in 0.018509 seconds 
========================================================================
Received Import Request.
  Time since last request: 0.062180 seconds.
  path: Assets/Resources/TextMesh Pro/Examples & Extras/Resources/Fonts & Materials/LiberationSans SDF - Overlay.mat
  artifactKey: Guid(9ad269c99dcf42b7aedefd83dd5a7b9d) Importer(815301076,1909f56bfc062723c751e8b465ee728b)
Start importing Assets/Resources/TextMesh Pro/Examples & Extras/Resources/Fonts & Materials/LiberationSans SDF - Overlay.mat using Guid(9ad269c99dcf42b7aedefd83dd5a7b9d) Importer(815301076,1909f56bfc062723c751e8b465ee728b)  -> (artifact id: '52af0b7bc20baf95d7fc451f3a35aca3') in 0.071863 seconds 
========================================================================
Received Import Request.
  Time since last request: 0.000407 seconds.
  path: Assets/Resources/TextMesh Pro/Resources/Fonts & Materials/LiberationSans SDF - Outline.mat
  artifactKey: Guid(79459efec17a4d00a321bdcc27bbc385) Importer(815301076,1909f56bfc062723c751e8b465ee728b)
Start importing Assets/Resources/TextMesh Pro/Resources/Fonts & Materials/LiberationSans SDF - Outline.mat using Guid(79459efec17a4d00a321bdcc27bbc385) Importer(815301076,1909f56bfc062723c751e8b465ee728b)  -> (artifact id: 'bb27606fda7786d2ef021d5b4cdc3d2f') in 0.050148 seconds 
========================================================================
Received Import Request.
  Time since last request: 0.000307 seconds.
  path: Assets/Resources/TextMesh Pro/Resources/Fonts & Materials/LiberationSans SDF - Drop Shadow.mat
  artifactKey: Guid(e73a58f6e2794ae7b1b7e50b7fb811b0) Importer(815301076,1909f56bfc062723c751e8b465ee728b)
Start importing Assets/Resources/TextMesh Pro/Resources/Fonts & Materials/LiberationSans SDF - Drop Shadow.mat using Guid(e73a58f6e2794ae7b1b7e50b7fb811b0) Importer(815301076,1909f56bfc062723c751e8b465ee728b)  -> (artifact id: '5ff311f1ac787aa049d8839de8dfe3e2') in 0.049237 seconds 
========================================================================
Received Import Request.
  Time since last request: 0.000244 seconds.
  path: Assets/Resources/TextMesh Pro/Examples & Extras/Materials/Ground - Surface Shader Scene.mat
  artifactKey: Guid(aadd5a709a48466c887296bb5b1b8110) Importer(815301076,1909f56bfc062723c751e8b465ee728b)
Start importing Assets/Resources/TextMesh Pro/Examples & Extras/Materials/Ground - Surface Shader Scene.mat using Guid(aadd5a709a48466c887296bb5b1b8110) Importer(815301076,1909f56bfc062723c751e8b465ee728b)  -> (artifact id: '9989668cfcae3fb21f194b2aea320813') in 0.019418 seconds 
========================================================================
Received Import Request.
  Time since last request: 0.000256 seconds.
  path: Assets/Resources/TextMesh Pro/Resources/Fonts & Materials/LiberationSans SDF.asset
  artifactKey: Guid(8f586378b4e144a9851e7b34d9b748ee) Importer(815301076,1909f56bfc062723c751e8b465ee728b)
Start importing Assets/Resources/TextMesh Pro/Resources/Fonts & Materials/LiberationSans SDF.asset using Guid(8f586378b4e144a9851e7b34d9b748ee) Importer(815301076,1909f56bfc062723c751e8b465ee728b)  -> (artifact id: 'fe91317a39785307ed37b3c5f299c1e7') in 0.062943 seconds 
========================================================================
Received Import Request.
  Time since last request: 0.000395 seconds.
  path: Assets/Resources/TextMesh Pro/Examples & Extras/Materials/Ground - Logo Scene.mat
  artifactKey: Guid(c719e38f25a9480abd2480ab621a2949) Importer(815301076,1909f56bfc062723c751e8b465ee728b)
Start importing Assets/Resources/TextMesh Pro/Examples & Extras/Materials/Ground - Logo Scene.mat using Guid(c719e38f25a9480abd2480ab621a2949) Importer(815301076,1909f56bfc062723c751e8b465ee728b)  -> (artifact id: 'ff30b1da7bba4dfa1335a8d135656419') in 0.018212 seconds 
========================================================================
Received Import Request.
  Time since last request: 0.000266 seconds.
  path: Assets/Resources/TextMesh Pro/Examples & Extras/Resources/Fonts & Materials/LiberationSans SDF - Metalic Green.mat
  artifactKey: Guid(8b29aaa3eec7468097ff07adfcf29ac9) Importer(815301076,1909f56bfc062723c751e8b465ee728b)
Start importing Assets/Resources/TextMesh Pro/Examples & Extras/Resources/Fonts & Materials/LiberationSans SDF - Metalic Green.mat using Guid(8b29aaa3eec7468097ff07adfcf29ac9) Importer(815301076,1909f56bfc062723c751e8b465ee728b)  -> (artifact id: 'b701521be37d322581131811fe95a7f1') in 0.210546 seconds 
========================================================================
Received Import Request.
  Time since last request: 0.000341 seconds.
  path: Assets/Resources/TextMesh Pro/Examples & Extras/Fonts/Oswald-Bold.ttf
  artifactKey: Guid(c9f6d0e7bc8541498c9a4799ba184ede) Importer(815301076,1909f56bfc062723c751e8b465ee728b)
Start importing Assets/Resources/TextMesh Pro/Examples & Extras/Fonts/Oswald-Bold.ttf using Guid(c9f6d0e7bc8541498c9a4799ba184ede) Importer(815301076,1909f56bfc062723c751e8b465ee728b)  -> (artifact id: '98792ec457f247431a36fd986c9a4673') in 0.051935 seconds 
========================================================================
Received Import Request.
  Time since last request: 0.000409 seconds.
  path: Assets/Resources/TextMesh Pro/Examples & Extras/Fonts/Roboto-Bold.ttf
  artifactKey: Guid(4beb055f07aaff244873dec698d0363e) Importer(815301076,1909f56bfc062723c751e8b465ee728b)
Start importing Assets/Resources/TextMesh Pro/Examples & Extras/Fonts/Roboto-Bold.ttf using Guid(4beb055f07aaff244873dec698d0363e) Importer(815301076,1909f56bfc062723c751e8b465ee728b)  -> (artifact id: 'c1563f56a4f81039af51ace2adef4490') in 0.022762 seconds 
========================================================================
Received Import Request.
  Time since last request: 0.000380 seconds.
  path: Assets/Resources/TextMesh Pro/Examples & Extras/Fonts/Electronic Highway Sign.TTF
  artifactKey: Guid(8a2b9e2a607dd2143b58c44bc32410b4) Importer(815301076,1909f56bfc062723c751e8b465ee728b)
Start importing Assets/Resources/TextMesh Pro/Examples & Extras/Fonts/Electronic Highway Sign.TTF using Guid(8a2b9e2a607dd2143b58c44bc32410b4) Importer(815301076,1909f56bfc062723c751e8b465ee728b)  -> (artifact id: '3fd0bb861580597606ca0d7a13297db4') in 0.023964 seconds 
========================================================================
Received Import Request.
  Time since last request: 0.000414 seconds.
  path: Assets/Resources/TextMesh Pro/Examples & Extras/Resources/Fonts & Materials/LiberationSans SDF - Soft Mask.mat
  artifactKey: Guid(42df1c7856584b6b8db9a509b6b10074) Importer(815301076,1909f56bfc062723c751e8b465ee728b)
Start importing Assets/Resources/TextMesh Pro/Examples & Extras/Resources/Fonts & Materials/LiberationSans SDF - Soft Mask.mat using Guid(42df1c7856584b6b8db9a509b6b10074) Importer(815301076,1909f56bfc062723c751e8b465ee728b)  -> (artifact id: 'e4d3c9d2ea55bca06ed268dec15de3f4') in 0.048635 seconds 
========================================================================
Received Import Request.
  Time since last request: 0.000263 seconds.
  path: Assets/Resources/TextMesh Pro/Examples & Extras/Resources/Fonts & Materials/Electronic Highway Sign SDF.asset
  artifactKey: Guid(dc36b3fdc14f47ebb36fd484a67e268a) Importer(815301076,1909f56bfc062723c751e8b465ee728b)
Start importing Assets/Resources/TextMesh Pro/Examples & Extras/Resources/Fonts & Materials/Electronic Highway Sign SDF.asset using Guid(dc36b3fdc14f47ebb36fd484a67e268a) Importer(815301076,1909f56bfc062723c751e8b465ee728b)  -> (artifact id: '6113f9cd241cd6ea5e53b97a50d5091e') in 0.024455 seconds 
========================================================================
Received Import Request.
  Time since last request: 0.000422 seconds.
  path: Assets/Resources/TextMesh Pro/Fonts/LiberationSans.ttf
  artifactKey: Guid(e3265ab4bf004d28a9537516768c1c75) Importer(815301076,1909f56bfc062723c751e8b465ee728b)
Start importing Assets/Resources/TextMesh Pro/Fonts/LiberationSans.ttf using Guid(e3265ab4bf004d28a9537516768c1c75) Importer(815301076,1909f56bfc062723c751e8b465ee728b)  -> (artifact id: 'bf71dcd3317000a0708b058a4b8ed8d5') in 0.022841 seconds 
========================================================================
Received Import Request.
  Time since last request: 0.000281 seconds.
  path: Assets/Resources/TextMesh Pro/Examples & Extras/Fonts/Bangers.ttf
  artifactKey: Guid(5dd49b3eacc540408c98eee0de38e0f1) Importer(815301076,1909f56bfc062723c751e8b465ee728b)
Start importing Assets/Resources/TextMesh Pro/Examples & Extras/Fonts/Bangers.ttf using Guid(5dd49b3eacc540408c98eee0de38e0f1) Importer(815301076,1909f56bfc062723c751e8b465ee728b)  -> (artifact id: 'fb05e837dffc4c80d05ee4ffdce45022') in 0.021829 seconds 
========================================================================
Received Import Request.
  Time since last request: 0.000280 seconds.
  path: Assets/Resources/TextMesh Pro/Examples & Extras/Fonts/Anton.ttf
  artifactKey: Guid(997a43b767814dd0a7642ec9b78cba41) Importer(815301076,1909f56bfc062723c751e8b465ee728b)
Start importing Assets/Resources/TextMesh Pro/Examples & Extras/Fonts/Anton.ttf using Guid(997a43b767814dd0a7642ec9b78cba41) Importer(815301076,1909f56bfc062723c751e8b465ee728b)  -> (artifact id: '574d7b513bf76f888270a1321027f18c') in 0.021576 seconds 
========================================================================
Received Import Request.
  Time since last request: 0.113994 seconds.
  path: Assets/Resources/TextMesh Pro/Examples & Extras/Resources/Fonts & Materials/Bangers SDF.asset
  artifactKey: Guid(125cb55b44b24c4393181402bc6200e6) Importer(815301076,1909f56bfc062723c751e8b465ee728b)
Start importing Assets/Resources/TextMesh Pro/Examples & Extras/Resources/Fonts & Materials/Bangers SDF.asset using Guid(125cb55b44b24c4393181402bc6200e6) Importer(815301076,1909f56bfc062723c751e8b465ee728b)  -> (artifact id: 'f899f2fff8b3b5a6e6c88f4d1273f91c') in 0.024178 seconds 
========================================================================
Received Import Request.
  Time since last request: 0.000348 seconds.
  path: Assets/Resources/TextMesh Pro/Examples & Extras/Resources/Fonts & Materials/Bangers SDF - Outline.mat
  artifactKey: Guid(f629c6e43dba4bf38cb74d8860150664) Importer(815301076,1909f56bfc062723c751e8b465ee728b)
Start importing Assets/Resources/TextMesh Pro/Examples & Extras/Resources/Fonts & Materials/Bangers SDF - Outline.mat using Guid(f629c6e43dba4bf38cb74d8860150664) Importer(815301076,1909f56bfc062723c751e8b465ee728b)  -> (artifact id: 'c68ac7c261166ba0a804ad4f6fd5a063') in 0.019950 seconds 
========================================================================
Received Import Request.
  Time since last request: 0.000285 seconds.
  path: Assets/Resources/TextMesh Pro/Examples & Extras/Resources/Fonts & Materials/Anton SDF.asset
  artifactKey: Guid(8a89fa14b10d46a99122fd4f73fca9a2) Importer(815301076,1909f56bfc062723c751e8b465ee728b)
Start importing Assets/Resources/TextMesh Pro/Examples & Extras/Resources/Fonts & Materials/Anton SDF.asset using Guid(8a89fa14b10d46a99122fd4f73fca9a2) Importer(815301076,1909f56bfc062723c751e8b465ee728b)  -> (artifact id: '7bcfdfae16628f6f9b79ebdf1f4b26c9') in 0.023918 seconds 
========================================================================
Received Import Request.
  Time since last request: 0.000272 seconds.
  path: Assets/Resources/TextMesh Pro/Examples & Extras/Resources/Fonts & Materials/Anton SDF - Drop Shadow.mat
  artifactKey: Guid(749b9069dc4742c5bfa5c74644049926) Importer(815301076,1909f56bfc062723c751e8b465ee728b)
Start importing Assets/Resources/TextMesh Pro/Examples & Extras/Resources/Fonts & Materials/Anton SDF - Drop Shadow.mat using Guid(749b9069dc4742c5bfa5c74644049926) Importer(815301076,1909f56bfc062723c751e8b465ee728b)  -> (artifact id: '209d630a533ca877944d76110bef22c1') in 0.017526 seconds 
========================================================================
Received Import Request.
  Time since last request: 0.000278 seconds.
  path: Assets/Resources/TextMesh Pro/Examples & Extras/Resources/Fonts & Materials/Anton SDF - Sunny Days.mat
  artifactKey: Guid(6522f30e342599e4e9dd4cc2cc03c830) Importer(815301076,1909f56bfc062723c751e8b465ee728b)
Start importing Assets/Resources/TextMesh Pro/Examples & Extras/Resources/Fonts & Materials/Anton SDF - Sunny Days.mat using Guid(6522f30e342599e4e9dd4cc2cc03c830) Importer(815301076,1909f56bfc062723c751e8b465ee728b)  -> (artifact id: '9ae911b8719345b87324ec7b6cee92e5') in 0.165052 seconds 
========================================================================
Received Import Request.
  Time since last request: 0.000370 seconds.
  path: Assets/Resources/TextMesh Pro/Examples & Extras/Materials/Crate - Surface Shader Scene.mat
  artifactKey: Guid(e6b9b44320f4448d9d5e0ee634259966) Importer(815301076,1909f56bfc062723c751e8b465ee728b)
Start importing Assets/Resources/TextMesh Pro/Examples & Extras/Materials/Crate - Surface Shader Scene.mat using Guid(e6b9b44320f4448d9d5e0ee634259966) Importer(815301076,1909f56bfc062723c751e8b465ee728b)  -> (artifact id: 'a7f453dfa9c0453e7edb096653edd3ae') in 0.037912 seconds 
========================================================================
Received Import Request.
  Time since last request: 0.000272 seconds.
  path: Assets/Resources/TextMesh Pro/Examples & Extras/Resources/Fonts & Materials/Bangers SDF - Drop Shadow.mat
  artifactKey: Guid(f2dcf029949142e28b974630369c8b4e) Importer(815301076,1909f56bfc062723c751e8b465ee728b)
Start importing Assets/Resources/TextMesh Pro/Examples & Extras/Resources/Fonts & Materials/Bangers SDF - Drop Shadow.mat using Guid(f2dcf029949142e28b974630369c8b4e) Importer(815301076,1909f56bfc062723c751e8b465ee728b)  -> (artifact id: 'd5c7479ce4c98554d7ddaa6a950e3508') in 0.017530 seconds 
========================================================================
Received Import Request.
  Time since last request: 0.000295 seconds.
  path: Assets/Resources/TextMesh Pro/Examples & Extras/Resources/Fonts & Materials/Bangers SDF Glow.mat
  artifactKey: Guid(d75b8f41e959450c84ac6e967084d3e1) Importer(815301076,1909f56bfc062723c751e8b465ee728b)
Start importing Assets/Resources/TextMesh Pro/Examples & Extras/Resources/Fonts & Materials/Bangers SDF Glow.mat using Guid(d75b8f41e959450c84ac6e967084d3e1) Importer(815301076,1909f56bfc062723c751e8b465ee728b)  -> (artifact id: 'ee157f7be945a89f49b5cbad60b0361c') in 0.130796 seconds 
========================================================================
Received Import Request.
  Time since last request: 0.000286 seconds.
  path: Assets/Resources/TextMesh Pro/Examples & Extras/Resources/Fonts & Materials/Anton SDF - Outline.mat
  artifactKey: Guid(a00013af81304728b2be1f4309ee2433) Importer(815301076,1909f56bfc062723c751e8b465ee728b)
Start importing Assets/Resources/TextMesh Pro/Examples & Extras/Resources/Fonts & Materials/Anton SDF - Outline.mat using Guid(a00013af81304728b2be1f4309ee2433) Importer(815301076,1909f56bfc062723c751e8b465ee728b)  -> (artifact id: '04f83e7f10a782af4d50d16d28dff9a0') in 0.018601 seconds 
========================================================================
Received Import Request.
  Time since last request: 0.000419 seconds.
  path: Assets/Resources/TextMesh Pro/Examples & Extras/Resources/Fonts & Materials/Bangers SDF Logo.mat
  artifactKey: Guid(f4e195ac1e204eff960149d1cb34e18c) Importer(815301076,1909f56bfc062723c751e8b465ee728b)
Start importing Assets/Resources/TextMesh Pro/Examples & Extras/Resources/Fonts & Materials/Bangers SDF Logo.mat using Guid(f4e195ac1e204eff960149d1cb34e18c) Importer(815301076,1909f56bfc062723c751e8b465ee728b)  -> (artifact id: '97bd9657e17c0ba8dd044bf4071ced7a') in 0.022624 seconds 
========================================================================
Received Import Request.
  Time since last request: 10.841423 seconds.
  path: Assets/Resources/Textures/Spawnpoint_Image.png
  artifactKey: Guid(300f43699e3495d418c117394f31ba69) Importer(815301076,1909f56bfc062723c751e8b465ee728b)
Start importing Assets/Resources/Textures/Spawnpoint_Image.png using Guid(300f43699e3495d418c117394f31ba69) Importer(815301076,1909f56bfc062723c751e8b465ee728b)  -> (artifact id: '429ae57717705c06be4ad5e4a5a5f98b') in 0.015110 seconds 
========================================================================
Received Import Request.
  Time since last request: 16.432213 seconds.
  path: Assets/Resources/Textures/Spawnpoint_Image.png
  artifactKey: Guid(300f43699e3495d418c117394f31ba69) Importer(815301076,1909f56bfc062723c751e8b465ee728b)
Start importing Assets/Resources/Textures/Spawnpoint_Image.png using Guid(300f43699e3495d418c117394f31ba69) Importer(815301076,1909f56bfc062723c751e8b465ee728b)  -> (artifact id: '650bd65e3297f3350c0def68ab624592') in 0.014597 seconds 
========================================================================
Received Import Request.
  Time since last request: 13.646391 seconds.
  path: Assets/Resources/Textures/Spawnpoint_Image.png
  artifactKey: Guid(300f43699e3495d418c117394f31ba69) Importer(815301076,1909f56bfc062723c751e8b465ee728b)
Start importing Assets/Resources/Textures/Spawnpoint_Image.png using Guid(300f43699e3495d418c117394f31ba69) Importer(815301076,1909f56bfc062723c751e8b465ee728b)  -> (artifact id: '4eb4feaeeafb412e3d2d6d2c6a7b3439') in 0.015004 seconds 
========================================================================
Received Import Request.
  Time since last request: 4.551497 seconds.
  path: Assets/Resources/Textures/Spawnpoint_Image.png
  artifactKey: Guid(300f43699e3495d418c117394f31ba69) Importer(815301076,1909f56bfc062723c751e8b465ee728b)
Start importing Assets/Resources/Textures/Spawnpoint_Image.png using Guid(300f43699e3495d418c117394f31ba69) Importer(815301076,1909f56bfc062723c751e8b465ee728b)  -> (artifact id: 'd53ea9e031caa14b4cecc5e17e44c23c') in 0.014942 seconds 
========================================================================
Received Import Request.
  Time since last request: 7.622252 seconds.
  path: Assets/Resources/Textures/Spawnpoint_Image.png
  artifactKey: Guid(300f43699e3495d418c117394f31ba69) Importer(815301076,1909f56bfc062723c751e8b465ee728b)
Start importing Assets/Resources/Textures/Spawnpoint_Image.png using Guid(300f43699e3495d418c117394f31ba69) Importer(815301076,1909f56bfc062723c751e8b465ee728b)  -> (artifact id: 'ab9337a1d4c684b5e2c78989e74e3b9e') in 0.016768 seconds 
========================================================================
Received Import Request.
  Time since last request: 4.125767 seconds.
  path: Assets/Resources/Textures/Spawnpoint_Image.png
  artifactKey: Guid(300f43699e3495d418c117394f31ba69) Importer(815301076,1909f56bfc062723c751e8b465ee728b)
Start importing Assets/Resources/Textures/Spawnpoint_Image.png using Guid(300f43699e3495d418c117394f31ba69) Importer(815301076,1909f56bfc062723c751e8b465ee728b)  -> (artifact id: '9f2364c8c53b7e929ef0b31ccd1001d7') in 0.014919 seconds 
========================================================================
Received Import Request.
  Time since last request: 14.655186 seconds.
  path: Assets/Resources/Textures/Spawnpoint_Image.png
  artifactKey: Guid(300f43699e3495d418c117394f31ba69) Importer(815301076,1909f56bfc062723c751e8b465ee728b)
Start importing Assets/Resources/Textures/Spawnpoint_Image.png using Guid(300f43699e3495d418c117394f31ba69) Importer(815301076,1909f56bfc062723c751e8b465ee728b)  -> (artifact id: 'ee9cd70384cfa1ba9b037a56eff81add') in 0.014569 seconds 
========================================================================
Received Import Request.
  Time since last request: 4.615522 seconds.
  path: Assets/Resources/Textures/Spawnpoint_Image.png
  artifactKey: Guid(300f43699e3495d418c117394f31ba69) Importer(815301076,1909f56bfc062723c751e8b465ee728b)
Start importing Assets/Resources/Textures/Spawnpoint_Image.png using Guid(300f43699e3495d418c117394f31ba69) Importer(815301076,1909f56bfc062723c751e8b465ee728b)  -> (artifact id: '1ec6051fa694dc68b37cc52a2aa777e5') in 0.040287 seconds 
========================================================================
Received Prepare
Registering precompiled user dll's ...
Registered in 0.007196 seconds.
Begin MonoManager ReloadAssembly
Native extension for WindowsStandalone target not found
Native extension for OSXStandalone target not found
Native extension for WebGL target not found
Refreshing native plugins compatible for Editor in 1.34 ms, found 3 plugins.
Preloading 0 native plugins for Editor in 0.00 ms.
Mono: successfully reloaded assembly
- Completed reload, in  3.227 seconds
Domain Reload Profiling:
	ReloadAssembly (3228ms)
		BeginReloadAssembly (354ms)
			ExecutionOrderSort (0ms)
			DisableScriptedObjects (18ms)
			BackupInstance (0ms)
			ReleaseScriptingObjects (0ms)
			CreateAndSetChildDomain (95ms)
		EndReloadAssembly (2732ms)
			LoadAssemblies (274ms)
			RebuildTransferFunctionScriptingTraits (0ms)
			SetupTypeCache (864ms)
			ReleaseScriptCaches (3ms)
			RebuildScriptCaches (131ms)
			SetupLoadedEditorAssemblies (1118ms)
				LogAssemblyErrors (0ms)
				InitializePlatformSupportModulesInManaged (17ms)
				SetLoadedEditorAssemblies (1ms)
				RefreshPlugins (1ms)
				BeforeProcessingInitializeOnLoad (159ms)
				ProcessInitializeOnLoadAttributes (921ms)
				ProcessInitializeOnLoadMethodAttributes (12ms)
				AfterProcessingInitializeOnLoad (7ms)
				EditorAssembliesLoaded (0ms)
			ExecutionOrderSort2 (0ms)
			AwakeInstancesAfterBackupRestoration (59ms)
Platform modules already initialized, skipping
Refreshing native plugins compatible for Editor in 1.51 ms, found 3 plugins.
Preloading 0 native plugins for Editor in 0.00 ms.
Unloading 3516 Unused Serialized files (Serialized files now loaded: 0)
System memory in use before: 264.1 MB.
System memory in use after: 264.3 MB.

Unloading 17 unused Assets to reduce memory usage. Loaded Objects now: 4565.
Total: 8.203068 ms (FindLiveObjects: 0.773422 ms CreateObjectMapping: 0.402356 ms MarkObjects: 6.991112 ms  DeleteObjects: 0.029822 ms)

AssetImportParameters requested are different than current active one (requested -> active):
  custom:framework-win-MediaFoundation: 216162199b28c13a410421893ffa2e32 -> 
  custom:video-decoder-ogg-theora: a1e56fd34408186e4bbccfd4996cb3dc -> 
  custom:container-muxer-webm: aa71ff27fc2769a1b78a27578f13a17b -> 
  custom:container-demuxer-webm: 4f35f7cbe854078d1ac9338744f61a02 -> 
  custom:container-demuxer-ogg: 62fdf1f143b41e24485cea50d1cbac27 -> 
  custom:video-encoder-webm-vp8: eb34c28f22e8b96e1ab97ce403110664 -> 
  custom:video-decoder-webm-vp8: 9c59270c3fd7afecdb556c50c9e8de78 -> 
  custom:audio-decoder-ogg-vorbis: bf7c407c2cedff20999df2af8eb42d56 -> 
  custom:audio-encoder-webm-vorbis: bf7c407c2cedff20999df2af8eb42d56 -> 
========================================================================
Received Import Request.
  Time since last request: 55.463013 seconds.
  path: Assets/Resources/Level_Prefabs/Spawnpoint.prefab
  artifactKey: Guid(74396e0c31800874c96942b2e4d91dc2) Importer(815301076,1909f56bfc062723c751e8b465ee728b)
Start importing Assets/Resources/Level_Prefabs/Spawnpoint.prefab using Guid(74396e0c31800874c96942b2e4d91dc2) Importer(815301076,1909f56bfc062723c751e8b465ee728b)  -> (artifact id: 'e64667a477821a906cea2291e3d3db94') in 0.305905 seconds 
========================================================================
Received Prepare
Registering precompiled user dll's ...
Registered in 0.007328 seconds.
Begin MonoManager ReloadAssembly
Native extension for WindowsStandalone target not found
Native extension for OSXStandalone target not found
Native extension for WebGL target not found
Refreshing native plugins compatible for Editor in 1.41 ms, found 3 plugins.
Preloading 0 native plugins for Editor in 0.00 ms.
Mono: successfully reloaded assembly
- Completed reload, in  3.083 seconds
Domain Reload Profiling:
	ReloadAssembly (3084ms)
		BeginReloadAssembly (330ms)
			ExecutionOrderSort (0ms)
			DisableScriptedObjects (24ms)
			BackupInstance (0ms)
			ReleaseScriptingObjects (0ms)
			CreateAndSetChildDomain (105ms)
		EndReloadAssembly (2610ms)
			LoadAssemblies (275ms)
			RebuildTransferFunctionScriptingTraits (0ms)
			SetupTypeCache (858ms)
			ReleaseScriptCaches (3ms)
			RebuildScriptCaches (133ms)
			SetupLoadedEditorAssemblies (1055ms)
				LogAssemblyErrors (0ms)
				InitializePlatformSupportModulesInManaged (17ms)
				SetLoadedEditorAssemblies (2ms)
				RefreshPlugins (2ms)
				BeforeProcessingInitializeOnLoad (158ms)
				ProcessInitializeOnLoadAttributes (859ms)
				ProcessInitializeOnLoadMethodAttributes (10ms)
				AfterProcessingInitializeOnLoad (6ms)
				EditorAssembliesLoaded (0ms)
			ExecutionOrderSort2 (0ms)
			AwakeInstancesAfterBackupRestoration (51ms)
Platform modules already initialized, skipping
Refreshing native plugins compatible for Editor in 1.47 ms, found 3 plugins.
Preloading 0 native plugins for Editor in 0.00 ms.
Unloading 3502 Unused Serialized files (Serialized files now loaded: 0)
System memory in use before: 263.9 MB.
System memory in use after: 264.1 MB.

Unloading 17 unused Assets to reduce memory usage. Loaded Objects now: 4606.
Total: 7.433556 ms (FindLiveObjects: 0.701067 ms CreateObjectMapping: 0.331467 ms MarkObjects: 6.363379 ms  DeleteObjects: 0.032267 ms)

AssetImportParameters requested are different than current active one (requested -> active):
  custom:framework-win-MediaFoundation: 216162199b28c13a410421893ffa2e32 -> 
  custom:video-decoder-ogg-theora: a1e56fd34408186e4bbccfd4996cb3dc -> 
  custom:container-muxer-webm: aa71ff27fc2769a1b78a27578f13a17b -> 
  custom:container-demuxer-webm: 4f35f7cbe854078d1ac9338744f61a02 -> 
  custom:container-demuxer-ogg: 62fdf1f143b41e24485cea50d1cbac27 -> 
  custom:video-encoder-webm-vp8: eb34c28f22e8b96e1ab97ce403110664 -> 
  custom:video-decoder-webm-vp8: 9c59270c3fd7afecdb556c50c9e8de78 -> 
  custom:audio-decoder-ogg-vorbis: bf7c407c2cedff20999df2af8eb42d56 -> 
  custom:audio-encoder-webm-vorbis: bf7c407c2cedff20999df2af8eb42d56 -> 
========================================================================
Received Import Request.
  Time since last request: 51.581472 seconds.
  path: Assets/Resources/Level_Prefabs/Enemy.prefab
  artifactKey: Guid(1f0dd8fc63c0ac54aba8a02288153454) Importer(815301076,1909f56bfc062723c751e8b465ee728b)
Start importing Assets/Resources/Level_Prefabs/Enemy.prefab using Guid(1f0dd8fc63c0ac54aba8a02288153454) Importer(815301076,1909f56bfc062723c751e8b465ee728b)  -> (artifact id: 'f0ecac51db24f220abd09cd6d817dcc8') in 0.320822 seconds 
========================================================================
Received Import Request.
  Time since last request: 8.333304 seconds.
  path: Assets/Resources/Level_Prefabs/Enemy.prefab
  artifactKey: Guid(1f0dd8fc63c0ac54aba8a02288153454) Importer(815301076,1909f56bfc062723c751e8b465ee728b)
Start importing Assets/Resources/Level_Prefabs/Enemy.prefab using Guid(1f0dd8fc63c0ac54aba8a02288153454) Importer(815301076,1909f56bfc062723c751e8b465ee728b)  -> (artifact id: '28b60fefc19a26fb707f5a40ea64859c') in 0.018105 seconds 
========================================================================
Received Import Request.
  Time since last request: 1.199382 seconds.
  path: Assets/Resources/Level_Prefabs/Enemy.prefab
  artifactKey: Guid(1f0dd8fc63c0ac54aba8a02288153454) Importer(815301076,1909f56bfc062723c751e8b465ee728b)
Start importing Assets/Resources/Level_Prefabs/Enemy.prefab using Guid(1f0dd8fc63c0ac54aba8a02288153454) Importer(815301076,1909f56bfc062723c751e8b465ee728b)  -> (artifact id: '06c96bc5852e860645b270db3d3799e1') in 0.021905 seconds 
========================================================================
Received Import Request.
  Time since last request: 14.528229 seconds.
  path: Assets/Resources/Level_Prefabs/Enemy.prefab
  artifactKey: Guid(1f0dd8fc63c0ac54aba8a02288153454) Importer(815301076,1909f56bfc062723c751e8b465ee728b)
Start importing Assets/Resources/Level_Prefabs/Enemy.prefab using Guid(1f0dd8fc63c0ac54aba8a02288153454) Importer(815301076,1909f56bfc062723c751e8b465ee728b)  -> (artifact id: '6bacac5cb4cb38f8daf88aa2ca1d76eb') in 0.017971 seconds 
========================================================================
Received Prepare
Registering precompiled user dll's ...
Registered in 0.007496 seconds.
Begin MonoManager ReloadAssembly
Native extension for WindowsStandalone target not found
Native extension for OSXStandalone target not found
Native extension for WebGL target not found
Refreshing native plugins compatible for Editor in 1.16 ms, found 3 plugins.
Preloading 0 native plugins for Editor in 0.00 ms.
Mono: successfully reloaded assembly
- Completed reload, in  3.167 seconds
Domain Reload Profiling:
	ReloadAssembly (3168ms)
		BeginReloadAssembly (344ms)
			ExecutionOrderSort (0ms)
			DisableScriptedObjects (24ms)
			BackupInstance (0ms)
			ReleaseScriptingObjects (0ms)
			CreateAndSetChildDomain (101ms)
		EndReloadAssembly (2678ms)
			LoadAssemblies (291ms)
			RebuildTransferFunctionScriptingTraits (0ms)
			SetupTypeCache (849ms)
			ReleaseScriptCaches (3ms)
			RebuildScriptCaches (132ms)
			SetupLoadedEditorAssemblies (1090ms)
				LogAssemblyErrors (0ms)
				InitializePlatformSupportModulesInManaged (17ms)
				SetLoadedEditorAssemblies (1ms)
				RefreshPlugins (1ms)
				BeforeProcessingInitializeOnLoad (158ms)
				ProcessInitializeOnLoadAttributes (894ms)
				ProcessInitializeOnLoadMethodAttributes (13ms)
				AfterProcessingInitializeOnLoad (6ms)
				EditorAssembliesLoaded (0ms)
			ExecutionOrderSort2 (0ms)
			AwakeInstancesAfterBackupRestoration (75ms)
Platform modules already initialized, skipping
Refreshing native plugins compatible for Editor in 1.30 ms, found 3 plugins.
Preloading 0 native plugins for Editor in 0.00 ms.
Unloading 3502 Unused Serialized files (Serialized files now loaded: 0)
System memory in use before: 264.0 MB.
System memory in use after: 264.2 MB.

Unloading 17 unused Assets to reduce memory usage. Loaded Objects now: 4647.
Total: 7.743023 ms (FindLiveObjects: 0.607200 ms CreateObjectMapping: 0.279156 ms MarkObjects: 6.804356 ms  DeleteObjects: 0.045956 ms)

AssetImportParameters requested are different than current active one (requested -> active):
  custom:framework-win-MediaFoundation: 216162199b28c13a410421893ffa2e32 -> 
  custom:video-decoder-ogg-theora: a1e56fd34408186e4bbccfd4996cb3dc -> 
  custom:container-muxer-webm: aa71ff27fc2769a1b78a27578f13a17b -> 
  custom:container-demuxer-webm: 4f35f7cbe854078d1ac9338744f61a02 -> 
  custom:container-demuxer-ogg: 62fdf1f143b41e24485cea50d1cbac27 -> 
  custom:video-encoder-webm-vp8: eb34c28f22e8b96e1ab97ce403110664 -> 
  custom:video-decoder-webm-vp8: 9c59270c3fd7afecdb556c50c9e8de78 -> 
  custom:audio-decoder-ogg-vorbis: bf7c407c2cedff20999df2af8eb42d56 -> 
  custom:audio-encoder-webm-vorbis: bf7c407c2cedff20999df2af8eb42d56 -> 
========================================================================
Received Import Request.
  Time since last request: 548.281511 seconds.
  path: Assets/Resources/Scripts/GenerateLevelFromFile.cs
  artifactKey: Guid(b9e2e67752791794ca81f3d63492b83e) Importer(815301076,1909f56bfc062723c751e8b465ee728b)
Start importing Assets/Resources/Scripts/GenerateLevelFromFile.cs using Guid(b9e2e67752791794ca81f3d63492b83e) Importer(815301076,1909f56bfc062723c751e8b465ee728b)  -> (artifact id: 'bd09cf8ae4714b531b9626683698ffb4') in 0.025057 seconds 
========================================================================
Received Prepare
Registering precompiled user dll's ...
Registered in 0.009036 seconds.
Begin MonoManager ReloadAssembly
Native extension for WindowsStandalone target not found
Native extension for OSXStandalone target not found
Native extension for WebGL target not found
Refreshing native plugins compatible for Editor in 1.12 ms, found 3 plugins.
Preloading 0 native plugins for Editor in 0.00 ms.
Mono: successfully reloaded assembly
- Completed reload, in  2.871 seconds
Domain Reload Profiling:
	ReloadAssembly (2872ms)
		BeginReloadAssembly (269ms)
			ExecutionOrderSort (0ms)
			DisableScriptedObjects (18ms)
			BackupInstance (0ms)
			ReleaseScriptingObjects (0ms)
			CreateAndSetChildDomain (72ms)
		EndReloadAssembly (2458ms)
			LoadAssemblies (272ms)
			RebuildTransferFunctionScriptingTraits (0ms)
			SetupTypeCache (782ms)
			ReleaseScriptCaches (3ms)
			RebuildScriptCaches (109ms)
			SetupLoadedEditorAssemblies (1021ms)
				LogAssemblyErrors (0ms)
				InitializePlatformSupportModulesInManaged (15ms)
				SetLoadedEditorAssemblies (1ms)
				RefreshPlugins (1ms)
				BeforeProcessingInitializeOnLoad (141ms)
				ProcessInitializeOnLoadAttributes (839ms)
				ProcessInitializeOnLoadMethodAttributes (15ms)
				AfterProcessingInitializeOnLoad (8ms)
				EditorAssembliesLoaded (1ms)
			ExecutionOrderSort2 (0ms)
			AwakeInstancesAfterBackupRestoration (60ms)
Platform modules already initialized, skipping
Refreshing native plugins compatible for Editor in 1.12 ms, found 3 plugins.
Preloading 0 native plugins for Editor in 0.00 ms.
Unloading 3503 Unused Serialized files (Serialized files now loaded: 0)
System memory in use before: 263.9 MB.
System memory in use after: 264.2 MB.

Unloading 17 unused Assets to reduce memory usage. Loaded Objects now: 4651.
Total: 7.046356 ms (FindLiveObjects: 0.614533 ms CreateObjectMapping: 0.218044 ms MarkObjects: 6.172223 ms  DeleteObjects: 0.035200 ms)

AssetImportParameters requested are different than current active one (requested -> active):
  custom:framework-win-MediaFoundation: 216162199b28c13a410421893ffa2e32 -> 
  custom:video-decoder-ogg-theora: a1e56fd34408186e4bbccfd4996cb3dc -> 
  custom:container-muxer-webm: aa71ff27fc2769a1b78a27578f13a17b -> 
  custom:container-demuxer-webm: 4f35f7cbe854078d1ac9338744f61a02 -> 
  custom:container-demuxer-ogg: 62fdf1f143b41e24485cea50d1cbac27 -> 
  custom:video-encoder-webm-vp8: eb34c28f22e8b96e1ab97ce403110664 -> 
  custom:video-decoder-webm-vp8: 9c59270c3fd7afecdb556c50c9e8de78 -> 
  custom:audio-decoder-ogg-vorbis: bf7c407c2cedff20999df2af8eb42d56 -> 
  custom:audio-encoder-webm-vorbis: bf7c407c2cedff20999df2af8eb42d56 -> 
========================================================================
Received Prepare
Registering precompiled user dll's ...
Registered in 0.009140 seconds.
Begin MonoManager ReloadAssembly
Native extension for WindowsStandalone target not found
Native extension for OSXStandalone target not found
Native extension for WebGL target not found
Refreshing native plugins compatible for Editor in 1.07 ms, found 3 plugins.
Preloading 0 native plugins for Editor in 0.00 ms.
Mono: successfully reloaded assembly
- Completed reload, in  2.454 seconds
Domain Reload Profiling:
	ReloadAssembly (2454ms)
		BeginReloadAssembly (248ms)
			ExecutionOrderSort (0ms)
			DisableScriptedObjects (17ms)
			BackupInstance (0ms)
			ReleaseScriptingObjects (0ms)
			CreateAndSetChildDomain (68ms)
		EndReloadAssembly (2092ms)
			LoadAssemblies (223ms)
			RebuildTransferFunctionScriptingTraits (0ms)
			SetupTypeCache (664ms)
			ReleaseScriptCaches (3ms)
			RebuildScriptCaches (104ms)
			SetupLoadedEditorAssemblies (848ms)
				LogAssemblyErrors (0ms)
				InitializePlatformSupportModulesInManaged (15ms)
				SetLoadedEditorAssemblies (1ms)
				RefreshPlugins (1ms)
				BeforeProcessingInitializeOnLoad (122ms)
				ProcessInitializeOnLoadAttributes (695ms)
				ProcessInitializeOnLoadMethodAttributes (9ms)
				AfterProcessingInitializeOnLoad (5ms)
				EditorAssembliesLoaded (0ms)
			ExecutionOrderSort2 (0ms)
			AwakeInstancesAfterBackupRestoration (44ms)
Platform modules already initialized, skipping
Refreshing native plugins compatible for Editor in 1.13 ms, found 3 plugins.
Preloading 0 native plugins for Editor in 0.00 ms.
Unloading 3503 Unused Serialized files (Serialized files now loaded: 0)
System memory in use before: 264.0 MB.
System memory in use after: 264.2 MB.

Unloading 17 unused Assets to reduce memory usage. Loaded Objects now: 4654.
Total: 6.015779 ms (FindLiveObjects: 0.542178 ms CreateObjectMapping: 0.190667 ms MarkObjects: 5.248223 ms  DeleteObjects: 0.028844 ms)

AssetImportParameters requested are different than current active one (requested -> active):
  custom:framework-win-MediaFoundation: 216162199b28c13a410421893ffa2e32 -> 
  custom:video-decoder-ogg-theora: a1e56fd34408186e4bbccfd4996cb3dc -> 
  custom:container-muxer-webm: aa71ff27fc2769a1b78a27578f13a17b -> 
  custom:container-demuxer-webm: 4f35f7cbe854078d1ac9338744f61a02 -> 
  custom:container-demuxer-ogg: 62fdf1f143b41e24485cea50d1cbac27 -> 
  custom:video-encoder-webm-vp8: eb34c28f22e8b96e1ab97ce403110664 -> 
  custom:video-decoder-webm-vp8: 9c59270c3fd7afecdb556c50c9e8de78 -> 
  custom:audio-decoder-ogg-vorbis: bf7c407c2cedff20999df2af8eb42d56 -> 
  custom:audio-encoder-webm-vorbis: bf7c407c2cedff20999df2af8eb42d56 -> 
========================================================================
Received Import Request.
  Time since last request: 40.340949 seconds.
  path: Assets/Resources/Scripts/GenerateLevelFromFile.cs
  artifactKey: Guid(b9e2e67752791794ca81f3d63492b83e) Importer(815301076,1909f56bfc062723c751e8b465ee728b)
Start importing Assets/Resources/Scripts/GenerateLevelFromFile.cs using Guid(b9e2e67752791794ca81f3d63492b83e) Importer(815301076,1909f56bfc062723c751e8b465ee728b)  -> (artifact id: '0ce67eec022d704d9b12c648aeb688cc') in 0.008494 seconds 
